[15/Jul/2019:20:01:29] (ℹ️): WordPress Instance Info:
[15/Jul/2019:20:01:29] (ℹ️): Home URL : http://pepseeactus.local
[15/Jul/2019:20:01:29] (ℹ️): Site URL : http://pepseeactus.local
[15/Jul/2019:20:01:29] (ℹ️): WordPress Version : 5.2.2
[15/Jul/2019:20:01:29] (ℹ️): Onboarding Version : 1.4.1
[15/Jul/2019:20:01:29] (ℹ️): Multisite : No
[15/Jul/2019:20:01:29] (ℹ️): Server Info : nginx/1.14.0
[15/Jul/2019:20:01:29] (ℹ️): PHP Version : 7.2.9
[15/Jul/2019:20:01:29] (ℹ️): HTTPS : No
[15/Jul/2019:20:01:29] (ℹ️): PHP Max Execution Time : 1200
[15/Jul/2019:20:01:29] (ℹ️): PHP Max Input Vars : 4000
[15/Jul/2019:20:01:29] (ℹ️): Max Upload Size : 314572800
[15/Jul/2019:20:01:29] (ℹ️): Plugins:
[15/Jul/2019:20:01:29] (ℹ️): [PLUGIN] ACF Content Analysis for Yoast SEO : v2.3.0 (Thomas Kräftner, ViktorFroberg, marol87, pekz0r, angrycreative, Team Yoast)
[15/Jul/2019:20:01:29] (ℹ️): [PLUGIN] Advanced Custom Fields : v5.8.1 (Elliot Condon)
[15/Jul/2019:20:01:29] (ℹ️): [PLUGIN] Imagify : v1.9.4 (WP Media)
[15/Jul/2019:20:01:29] (ℹ️): [PLUGIN] Manual Image Crop : v1.12 (Tomasz Sita)
[15/Jul/2019:20:01:29] (ℹ️): [PLUGIN] Image optimization service by Optimole : v2.0.7 (Optimole)
[15/Jul/2019:20:01:29] (ℹ️): [PLUGIN] Gutenberg Blocks and Template Library by Otter : v1.2.3 (ThemeIsle)
[15/Jul/2019:20:01:29] (ℹ️): [PLUGIN] Regenerate Thumbnails : v3.1.1 (Alex Mills (Viper007Bond))
[15/Jul/2019:20:01:29] (ℹ️): [PLUGIN] Orbit Fox Companion : v2.8.4 (Themeisle)
[15/Jul/2019:20:01:29] (ℹ️): [PLUGIN] Visualizer: Tables and Charts Manager for WordPress : v3.2.1 (Themeisle)
[15/Jul/2019:20:01:29] (ℹ️): [PLUGIN] Yoast SEO : v11.6 (L’équipe Yoast)
[15/Jul/2019:20:01:29] (ℹ️): [PLUGIN] WPForms Lite : v1.5.3.1 (WPForms)
